<?xml version="1.0" encoding="UTF-8"?>
<testng-results retried="1" ignored="1" total="5" passed="2" failed="1" skipped="0">
  <reporter-output>
  </reporter-output>
  <suite started-at="2025-03-18T15:54:22 IST" name="Suite" finished-at="2025-03-18T15:55:01 IST" duration-ms="38842">
    <groups>
      <group name="purchase">
        <method signature="Project2TestNG.SubmitOrder(java.util.HashMap)[pri:0, instance:Seleniumlearning.Manasaproject2.Project2TestNG@5d908d47]" name="SubmitOrder" class="Seleniumlearning.Manasaproject2.Project2TestNG"/>
      </group> <!-- purchase -->
      <group name="Error Handling">
        <method signature="ErrorValidationTest.verifyProduct()[pri:0, instance:Seleniumlearning.Manasaproject2.ErrorValidationTest@2ca923bb]" name="verifyProduct" class="Seleniumlearning.Manasaproject2.ErrorValidationTest"/>
      </group> <!-- Error Handling -->
    </groups>
    <test started-at="2025-03-18T15:54:22 IST" name="ErrorValidationTest Test" finished-at="2025-03-18T15:54:50 IST" duration-ms="28124">
      <class name="Seleniumlearning.Manasaproject2.ErrorValidationTest">
        <test-method is-config="true" signature="launchapplicaton()[pri:0, instance:Seleniumlearning.Manasaproject2.ErrorValidationTest@2ca923bb]" started-at="2025-03-18T15:54:22 IST" name="launchapplicaton" finished-at="2025-03-18T15:54:29 IST" duration-ms="7209" status="PASS">
          <reporter-output>
          </reporter-output>
        </test-method> <!-- launchapplicaton -->
        <test-method retried="true" signature="verifyProduct()[pri:0, instance:Seleniumlearning.Manasaproject2.ErrorValidationTest@2ca923bb]" started-at="2025-03-18T15:54:29 IST" name="verifyProduct" finished-at="2025-03-18T15:54:37 IST" duration-ms="7772" status="SKIP">
          <exception class="java.lang.AssertionError">
            <message>
              <![CDATA[expected [true] but found [false]]]>
            </message>
            <full-stacktrace>
              <![CDATA[java.lang.AssertionError: expected [true] but found [false]
at org.testng.Assert.fail(Assert.java:111)
at org.testng.Assert.failNotEquals(Assert.java:1578)
at org.testng.Assert.assertTrue(Assert.java:57)
at org.testng.Assert.assertTrue(Assert.java:67)
at Seleniumlearning.Manasaproject2.ErrorValidationTest.verifyProduct(ErrorValidationTest.java:25)
at java.base/jdk.internal.reflect.DirectMethodHandleAccessor.invoke(DirectMethodHandleAccessor.java:103)
at java.base/java.lang.reflect.Method.invoke(Method.java:580)
at org.testng.internal.invokers.MethodInvocationHelper.invokeMethod(MethodInvocationHelper.java:141)
at org.testng.internal.invokers.TestInvoker.invokeMethod(TestInvoker.java:686)
at org.testng.internal.invokers.TestInvoker.invokeTestMethod(TestInvoker.java:230)
at org.testng.internal.invokers.MethodRunner.runInSequence(MethodRunner.java:63)
at org.testng.internal.invokers.TestInvoker$MethodInvocationAgent.invoke(TestInvoker.java:992)
at org.testng.internal.invokers.TestInvoker.invokeTestMethods(TestInvoker.java:203)
at org.testng.internal.invokers.TestMethodWorker.invokeTestMethods(TestMethodWorker.java:154)
at org.testng.internal.invokers.TestMethodWorker.run(TestMethodWorker.java:134)
at java.base/java.util.ArrayList.forEach(ArrayList.java:1596)
at org.testng.TestRunner.privateRun(TestRunner.java:739)
at org.testng.TestRunner.run(TestRunner.java:614)
at org.testng.SuiteRunner.runTest(SuiteRunner.java:421)
at org.testng.SuiteRunner$SuiteWorker.run(SuiteRunner.java:463)
at org.testng.internal.thread.ThreadUtil.lambda$execute$0(ThreadUtil.java:64)
at java.base/java.util.concurrent.FutureTask.run(FutureTask.java:317)
at java.base/java.util.concurrent.ThreadPoolExecutor.runWorker(ThreadPoolExecutor.java:1144)
at java.base/java.util.concurrent.ThreadPoolExecutor$Worker.run(ThreadPoolExecutor.java:642)
at java.base/java.lang.Thread.run(Thread.java:1583)
]]>
            </full-stacktrace>
          </exception> <!-- java.lang.AssertionError -->
          <reporter-output>
          </reporter-output>
        </test-method> <!-- verifyProduct -->
        <test-method is-config="true" signature="tearDown()[pri:0, instance:Seleniumlearning.Manasaproject2.ErrorValidationTest@2ca923bb]" started-at="2025-03-18T15:54:37 IST" name="tearDown" finished-at="2025-03-18T15:54:38 IST" duration-ms="914" status="PASS">
          <reporter-output>
          </reporter-output>
        </test-method> <!-- tearDown -->
        <test-method is-config="true" signature="launchapplicaton()[pri:0, instance:Seleniumlearning.Manasaproject2.ErrorValidationTest@2ca923bb]" started-at="2025-03-18T15:54:38 IST" name="launchapplicaton" finished-at="2025-03-18T15:54:44 IST" duration-ms="6214" status="PASS">
          <reporter-output>
          </reporter-output>
        </test-method> <!-- launchapplicaton -->
        <test-method signature="verifyProduct()[pri:0, instance:Seleniumlearning.Manasaproject2.ErrorValidationTest@2ca923bb]" started-at="2025-03-18T15:54:44 IST" name="verifyProduct" finished-at="2025-03-18T15:54:47 IST" duration-ms="2709" status="FAIL">
          <exception class="java.lang.AssertionError">
            <message>
              <![CDATA[expected [true] but found [false]]]>
            </message>
            <full-stacktrace>
              <![CDATA[java.lang.AssertionError: expected [true] but found [false]
at org.testng.Assert.fail(Assert.java:111)
at org.testng.Assert.failNotEquals(Assert.java:1578)
at org.testng.Assert.assertTrue(Assert.java:57)
at org.testng.Assert.assertTrue(Assert.java:67)
at Seleniumlearning.Manasaproject2.ErrorValidationTest.verifyProduct(ErrorValidationTest.java:25)
at java.base/jdk.internal.reflect.DirectMethodHandleAccessor.invoke(DirectMethodHandleAccessor.java:103)
at java.base/java.lang.reflect.Method.invoke(Method.java:580)
at org.testng.internal.invokers.MethodInvocationHelper.invokeMethod(MethodInvocationHelper.java:141)
at org.testng.internal.invokers.TestInvoker.invokeMethod(TestInvoker.java:686)
at org.testng.internal.invokers.TestInvoker.retryFailed(TestInvoker.java:269)
at org.testng.internal.invokers.MethodRunner.runInSequence(MethodRunner.java:76)
at org.testng.internal.invokers.TestInvoker$MethodInvocationAgent.invoke(TestInvoker.java:992)
at org.testng.internal.invokers.TestInvoker.invokeTestMethods(TestInvoker.java:203)
at org.testng.internal.invokers.TestMethodWorker.invokeTestMethods(TestMethodWorker.java:154)
at org.testng.internal.invokers.TestMethodWorker.run(TestMethodWorker.java:134)
at java.base/java.util.ArrayList.forEach(ArrayList.java:1596)
at org.testng.TestRunner.privateRun(TestRunner.java:739)
at org.testng.TestRunner.run(TestRunner.java:614)
at org.testng.SuiteRunner.runTest(SuiteRunner.java:421)
at org.testng.SuiteRunner$SuiteWorker.run(SuiteRunner.java:463)
at org.testng.internal.thread.ThreadUtil.lambda$execute$0(ThreadUtil.java:64)
at java.base/java.util.concurrent.FutureTask.run(FutureTask.java:317)
at java.base/java.util.concurrent.ThreadPoolExecutor.runWorker(ThreadPoolExecutor.java:1144)
at java.base/java.util.concurrent.ThreadPoolExecutor$Worker.run(ThreadPoolExecutor.java:642)
at java.base/java.lang.Thread.run(Thread.java:1583)
]]>
            </full-stacktrace>
          </exception> <!-- java.lang.AssertionError -->
          <reporter-output>
          </reporter-output>
        </test-method> <!-- verifyProduct -->
        <test-method is-config="true" signature="tearDown()[pri:0, instance:Seleniumlearning.Manasaproject2.ErrorValidationTest@2ca923bb]" started-at="2025-03-18T15:54:48 IST" name="tearDown" finished-at="2025-03-18T15:54:50 IST" duration-ms="2199" status="PASS">
          <reporter-output>
          </reporter-output>
        </test-method> <!-- tearDown -->
      </class> <!-- Seleniumlearning.Manasaproject2.ErrorValidationTest -->
    </test> <!-- ErrorValidationTest Test -->
    <test started-at="2025-03-18T15:54:22 IST" name="Project2TestNG Test" finished-at="2025-03-18T15:55:01 IST" duration-ms="38842">
      <class name="Seleniumlearning.Manasaproject2.Project2TestNG">
        <test-method is-config="true" signature="launchapplicaton()[pri:0, instance:Seleniumlearning.Manasaproject2.Project2TestNG@5d908d47]" started-at="2025-03-18T15:54:23 IST" name="launchapplicaton" finished-at="2025-03-18T15:54:33 IST" duration-ms="10836" status="PASS">
          <reporter-output>
          </reporter-output>
        </test-method> <!-- launchapplicaton -->
        <test-method signature="SubmitOrder(java.util.HashMap)[pri:0, instance:Seleniumlearning.Manasaproject2.Project2TestNG@5d908d47]" started-at="2025-03-18T15:54:33 IST" name="SubmitOrder" data-provider="getData" finished-at="2025-03-18T15:54:45 IST" duration-ms="11375" status="PASS">
          <params>
            <param index="0">
              <value>
                <![CDATA[{productName=Brocolli - 1 Kg}]]>
              </value>
            </param>
          </params>
          <reporter-output>
          </reporter-output>
        </test-method> <!-- SubmitOrder -->
        <test-method is-config="true" signature="tearDown()[pri:0, instance:Seleniumlearning.Manasaproject2.Project2TestNG@5d908d47]" started-at="2025-03-18T15:54:45 IST" name="tearDown" finished-at="2025-03-18T15:54:46 IST" duration-ms="948" status="PASS">
          <reporter-output>
          </reporter-output>
        </test-method> <!-- tearDown -->
        <test-method is-config="true" signature="launchapplicaton()[pri:0, instance:Seleniumlearning.Manasaproject2.Project2TestNG@5d908d47]" started-at="2025-03-18T15:54:46 IST" name="launchapplicaton" finished-at="2025-03-18T15:54:52 IST" duration-ms="6296" status="PASS">
          <reporter-output>
          </reporter-output>
        </test-method> <!-- launchapplicaton -->
        <test-method signature="SubmitOrder(java.util.HashMap)[pri:0, instance:Seleniumlearning.Manasaproject2.Project2TestNG@5d908d47]" started-at="2025-03-18T15:54:52 IST" name="SubmitOrder" data-provider="getData" finished-at="2025-03-18T15:55:00 IST" duration-ms="8328" status="PASS">
          <params>
            <param index="0">
              <value>
                <![CDATA[{productName=Cucumber - 1 Kg}]]>
              </value>
            </param>
          </params>
          <reporter-output>
          </reporter-output>
        </test-method> <!-- SubmitOrder -->
        <test-method is-config="true" signature="tearDown()[pri:0, instance:Seleniumlearning.Manasaproject2.Project2TestNG@5d908d47]" started-at="2025-03-18T15:55:00 IST" name="tearDown" finished-at="2025-03-18T15:55:01 IST" duration-ms="246" status="PASS">
          <reporter-output>
          </reporter-output>
        </test-method> <!-- tearDown -->
      </class> <!-- Seleniumlearning.Manasaproject2.Project2TestNG -->
    </test> <!-- Project2TestNG Test -->
  </suite> <!-- Suite -->
</testng-results>
